F:\Ficheros\MyUnityKinectEjemplo\Source\KinectUnityPlugin\Debug\cl.command.1.tlog
F:\Ficheros\MyUnityKinectEjemplo\Source\KinectUnityPlugin\Debug\CL.read.1.tlog
F:\Ficheros\MyUnityKinectEjemplo\Source\KinectUnityPlugin\Debug\CL.write.1.tlog
F:\FICHEROS\MYUNITYKINECTEJEMPLO\SOURCE\KINECTUNITYPLUGIN\DEBUG\DLLMAIN.OBJ
F:\Ficheros\MyUnityKinectEjemplo\Source\KinectUnityPlugin\Debug\KinectUnityPlugin.dll
F:\FICHEROS\MYUNITYKINECTEJEMPLO\SOURCE\KINECTUNITYPLUGIN\DEBUG\KINECTUNITYPLUGIN.DLL.EMBED.MANIFEST
F:\FICHEROS\MYUNITYKINECTEJEMPLO\SOURCE\KINECTUNITYPLUGIN\DEBUG\KINECTUNITYPLUGIN.DLL.EMBED.MANIFEST.RES
F:\Ficheros\MyUnityKinectEjemplo\Source\KinectUnityPlugin\Debug\KinectUnityPlugin.dll.intermediate.manifest
F:\Ficheros\MyUnityKinectEjemplo\Source\KinectUnityPlugin\Debug\KinectUnityPlugin.exp
F:\Ficheros\MyUnityKinectEjemplo\Source\KinectUnityPlugin\Debug\KinectUnityPlugin.ilk
F:\Ficheros\MyUnityKinectEjemplo\Source\KinectUnityPlugin\Debug\KinectUnityPlugin.lib
F:\FICHEROS\MYUNITYKINECTEJEMPLO\SOURCE\KINECTUNITYPLUGIN\DEBUG\KINECTUNITYPLUGIN.OBJ
F:\FICHEROS\MYUNITYKINECTEJEMPLO\SOURCE\KINECTUNITYPLUGIN\DEBUG\KINECTUNITYPLUGIN.PCH
F:\Ficheros\MyUnityKinectEjemplo\Source\KinectUnityPlugin\Debug\KinectUnityPlugin.pdb
F:\Ficheros\MyUnityKinectEjemplo\Source\KinectUnityPlugin\Debug\KinectUnityPlugin.write.1.tlog
F:\Ficheros\MyUnityKinectEjemplo\Source\KinectUnityPlugin\Debug\KinectUnityPlugin_manifest.rc
F:\Ficheros\MyUnityKinectEjemplo\Source\KinectUnityPlugin\Debug\link.2064.read.1.tlog
F:\Ficheros\MyUnityKinectEjemplo\Source\KinectUnityPlugin\Debug\link.2064.write.1.tlog
F:\Ficheros\MyUnityKinectEjemplo\Source\KinectUnityPlugin\Debug\link.2064-cvtres.read.1.tlog
F:\Ficheros\MyUnityKinectEjemplo\Source\KinectUnityPlugin\Debug\link.2064-cvtres.write.1.tlog
F:\Ficheros\MyUnityKinectEjemplo\Source\KinectUnityPlugin\Debug\link.command.1.tlog
F:\Ficheros\MyUnityKinectEjemplo\Source\KinectUnityPlugin\Debug\link.read.1.tlog
F:\Ficheros\MyUnityKinectEjemplo\Source\KinectUnityPlugin\Debug\link.write.1.tlog
F:\Ficheros\MyUnityKinectEjemplo\Source\KinectUnityPlugin\Debug\link-cvtres.read.1.tlog
F:\Ficheros\MyUnityKinectEjemplo\Source\KinectUnityPlugin\Debug\link-cvtres.write.1.tlog
F:\Ficheros\MyUnityKinectEjemplo\Source\KinectUnityPlugin\Debug\mt.command.1.tlog
F:\Ficheros\MyUnityKinectEjemplo\Source\KinectUnityPlugin\Debug\mt.read.1.tlog
F:\Ficheros\MyUnityKinectEjemplo\Source\KinectUnityPlugin\Debug\mt.write.1.tlog
F:\Ficheros\MyUnityKinectEjemplo\Source\KinectUnityPlugin\Debug\rc.command.1.tlog
F:\Ficheros\MyUnityKinectEjemplo\Source\KinectUnityPlugin\Debug\rc.read.1.tlog
F:\Ficheros\MyUnityKinectEjemplo\Source\KinectUnityPlugin\Debug\rc.write.1.tlog
F:\FICHEROS\MYUNITYKINECTEJEMPLO\SOURCE\KINECTUNITYPLUGIN\DEBUG\STDAFX.OBJ
F:\Ficheros\MyUnityKinectEjemplo\Source\KinectUnityPlugin\Debug\vc100.idb
F:\FICHEROS\MYUNITYKINECTEJEMPLO\SOURCE\KINECTUNITYPLUGIN\DEBUG\VC100.PDB
